<?xml version="1.0" encoding="UTF-8"?>
<!-- Generated by org.testng.reporters.JUnitXMLReporter -->
<testsuite ignored="3" hostname="batpc" failures="0" tests="1" name="Default test" time="11.521" errors="0" timestamp="2025-05-08T16:59:17 IST">
  <testcase classname="com.ecommerce.miraggio.plpTest" name="featuredCollection" time="8.449"/>
  <testcase classname="com.ecommerce.miraggio.plpTest" name="filter" time="0.0">
    <ignored/>
  </testcase> <!-- filter -->
  <testcase classname="com.ecommerce.miraggio.plpTest" name="pricFilter" time="0.0">
    <ignored/>
  </testcase> <!-- pricFilter -->
  <testcase classname="com.ecommerce.miraggio.plpTest" name="sort" time="0.0">
    <ignored/>
  </testcase> <!-- sort -->
</testsuite> <!-- Default test -->
