<?xml version="1.0" encoding="UTF-8"?>
<!-- Generated by org.testng.reporters.JUnitXMLReporter -->
<testsuite ignored="0" hostname="DESKTOP-6JOMMLI" failures="0" tests="3" name="Test" time="13.444" errors="0" timestamp="2025-03-25T13:16:48 IST">
  <testcase classname="com.ecommerce.miraggio.pdpPractice" name="shopByCatogory" time="3.041"/>
  <testcase classname="com.ecommerce.miraggio.pdpPractice" name="plp" time="4.367"/>
  <testcase classname="com.ecommerce.miraggio.pdpPractice" name="variant" time="4.251"/>
</testsuite> <!-- Test -->
