<?xml version="1.0" encoding="UTF-8"?>
<testng-results ignored="0" total="1" passed="1" failed="0" skipped="0">
  <reporter-output>
  </reporter-output>
  <suite started-at="2025-05-08T16:59:06 IST" name="Default suite" finished-at="2025-05-08T16:59:17 IST" duration-ms="11521">
    <groups>
    </groups>
    <test started-at="2025-05-08T16:59:06 IST" name="Default test" finished-at="2025-05-08T16:59:17 IST" duration-ms="11521">
      <class name="com.ecommerce.miraggio.plpTest">
        <test-method is-config="true" signature="extentreport()[pri:0, instance:com.ecommerce.miraggio.plpTest@6cb107fd]" started-at="2025-05-08T16:59:05 IST" name="extentreport" finished-at="2025-05-08T16:59:06 IST" duration-ms="316" status="PASS">
          <reporter-output>
          </reporter-output>
        </test-method> <!-- extentreport -->
        <test-method is-config="true" signature="browser(java.lang.String,org.testng.ITestContext)[pri:0, instance:com.ecommerce.miraggio.plpTest@6cb107fd]" started-at="2025-05-08T16:59:06 IST" name="browser" finished-at="2025-05-08T16:59:08 IST" duration-ms="2250" status="PASS">
          <params>
            <param index="0">
              <value>
                <![CDATA[]]>
              </value>
            </param>
            <param index="1">
              <value>
                <![CDATA[org.testng.TestRunner@1a87b51]]>
              </value>
            </param>
          </params>
          <reporter-output>
          </reporter-output>
        </test-method> <!-- browser -->
        <test-method is-config="true" signature="openBrowser()[pri:0, instance:com.ecommerce.miraggio.plpTest@6cb107fd]" started-at="2025-05-08T16:59:08 IST" name="openBrowser" finished-at="2025-05-08T16:59:08 IST" duration-ms="1" status="PASS">
          <reporter-output>
          </reporter-output>
        </test-method> <!-- openBrowser -->
        <test-method is-config="true" signature="methods()[pri:0, instance:com.ecommerce.miraggio.plpTest@6cb107fd]" started-at="2025-05-08T16:59:08 IST" name="methods" finished-at="2025-05-08T16:59:08 IST" duration-ms="2" status="PASS">
          <reporter-output>
          </reporter-output>
        </test-method> <!-- methods -->
        <test-method signature="featuredCollection()[pri:0, instance:com.ecommerce.miraggio.plpTest@6cb107fd]" started-at="2025-05-08T16:59:08 IST" name="featuredCollection" finished-at="2025-05-08T16:59:16 IST" duration-ms="8449" status="PASS">
          <reporter-output>
          </reporter-output>
        </test-method> <!-- featuredCollection -->
        <test-method is-config="true" signature="closing(org.testng.ITestResult,java.lang.reflect.Method)[pri:0, instance:com.ecommerce.miraggio.plpTest@6cb107fd]" started-at="2025-05-08T16:59:16 IST" name="closing" finished-at="2025-05-08T16:59:17 IST" duration-ms="735" status="PASS">
          <params>
            <param index="0">
              <value>
                <![CDATA[[TestResult name=featuredCollection status=SUCCESS method=plpTest.featuredCollection()[pri:0, instance:com.ecommerce.miraggio.plpTest@6cb107fd] output={null}]]]>
              </value>
            </param>
            <param index="1">
              <value>
                <![CDATA[public void com.ecommerce.miraggio.plpTest.featuredCollection() throws java.lang.InterruptedException]]>
              </value>
            </param>
          </params>
          <reporter-output>
          </reporter-output>
        </test-method> <!-- closing -->
      </class> <!-- com.ecommerce.miraggio.plpTest -->
    </test> <!-- Default test -->
  </suite> <!-- Default suite -->
</testng-results>
